app/build/intermediates/manifest_merge_blame_file/debug/manifest-merger-blame-debug-report.txt
1<?xml version="1.0" encoding="utf-8"?>
2<manifest xmlns:android="http://schemas.android.com/apk/res/android"
3    package="com.example.pregnantpal"
4    android:versionCode="1"
5    android:versionName="1.0" >
6
7    <uses-sdk
8        android:minSdkVersion="21"
8-->src\main\AndroidManifest.xml
9        android:targetSdkVersion="33" />
9-->src\main\AndroidManifest.xml
10
11    <uses-permission android:name="android.permission.WRITE_EXTERNAL_STORAGE" />
11-->src\main\AndroidManifest.xml:5:5-81
11-->src\main\AndroidManifest.xml:5:22-78
12    <uses-permission android:name="android.permission.READ_EXTERNAL_STORAGE" />
12-->src\main\AndroidManifest.xml:6:5-80
12-->src\main\AndroidManifest.xml:6:22-77
13    <uses-permission
13-->src\main\AndroidManifest.xml:7:5-8:38
14        android:name="android.permission.MANAGE_EXTERNAL_STORAGE"
14-->src\main\AndroidManifest.xml:7:22-79
15        android:minSdkVersion="30" />
15-->src\main\AndroidManifest.xml:8:9-35
16    <uses-permission android:name="android.permission.INTERNET" />
16-->[com.google.firebase:firebase-auth:21.1.0] AndroidManifest.xml:23:5-67
16-->[com.google.firebase:firebase-auth:21.1.0] AndroidManifest.xml:23:22-64
17    <uses-permission android:name="android.permission.ACCESS_NETWORK_STATE" />
17-->[com.google.firebase:firebase-auth:21.1.0] AndroidManifest.xml:24:5-79
17-->[com.google.firebase:firebase-auth:21.1.0] AndroidManifest.xml:24:22-76
18
19    <permission
19-->[androidx.core:core:1.9.0] AndroidManifest.xml:22:5-24:47
20        android:name="com.example.pregnantpal.DYNAMIC_RECEIVER_NOT_EXPORTED_PERMISSION"
20-->[androidx.core:core:1.9.0] AndroidManifest.xml:23:9-81
21        android:protectionLevel="signature" />
21-->[androidx.core:core:1.9.0] AndroidManifest.xml:24:9-44
22
23    <uses-permission android:name="com.example.pregnantpal.DYNAMIC_RECEIVER_NOT_EXPORTED_PERMISSION" />
23-->[androidx.core:core:1.9.0] AndroidManifest.xml:26:5-97
23-->[androidx.core:core:1.9.0] AndroidManifest.xml:26:22-94
24
25    <application
25-->src\main\AndroidManifest.xml:11:5-36:19
26        android:allowBackup="true"
26-->src\main\AndroidManifest.xml:12:9-35
27        android:appComponentFactory="androidx.core.app.CoreComponentFactory"
27-->[androidx.core:core:1.9.0] AndroidManifest.xml:28:18-86
28        android:dataExtractionRules="@xml/data_extraction_rules"
28-->src\main\AndroidManifest.xml:13:9-65
29        android:debuggable="true"
30        android:fullBackupContent="@xml/backup_rules"
30-->src\main\AndroidManifest.xml:14:9-54
31        android:icon="@mipmap/ic_launcher"
31-->src\main\AndroidManifest.xml:15:9-43
32        android:label="@string/app_name"
32-->src\main\AndroidManifest.xml:16:9-41
33        android:roundIcon="@mipmap/ic_launcher_round"
33-->src\main\AndroidManifest.xml:17:9-54
34        android:supportsRtl="true"
34-->src\main\AndroidManifest.xml:18:9-35
35        android:testOnly="true"
36        android:theme="@style/Theme.PregnantPal" >
36-->src\main\AndroidManifest.xml:19:9-49
37        <activity
37-->src\main\AndroidManifest.xml:21:9-35:20
38            android:name="com.example.PregnantPal.MainActivity"
38-->src\main\AndroidManifest.xml:22:13-64
39            android:exported="true"
39-->src\main\AndroidManifest.xml:23:13-36
40            android:label="@string/app_name"
40-->src\main\AndroidManifest.xml:24:13-45
41            android:theme="@style/Theme.PregnantPal" >
41-->src\main\AndroidManifest.xml:25:13-53
42            <intent-filter>
42-->src\main\AndroidManifest.xml:26:13-30:29
43                <action android:name="android.intent.action.MAIN" />
43-->src\main\AndroidManifest.xml:27:17-69
43-->src\main\AndroidManifest.xml:27:25-66
44
45                <category android:name="android.intent.category.LAUNCHER" />
45-->src\main\AndroidManifest.xml:29:17-77
45-->src\main\AndroidManifest.xml:29:27-74
46            </intent-filter>
47
48            <meta-data
48-->src\main\AndroidManifest.xml:32:13-34:36
49                android:name="android.app.lib_name"
49-->src\main\AndroidManifest.xml:33:17-52
50                android:value="" />
50-->src\main\AndroidManifest.xml:34:17-33
51        </activity>
52        <activity
52-->[androidx.compose.ui:ui-tooling:1.0.1] AndroidManifest.xml:25:9-27:39
53            android:name="androidx.compose.ui.tooling.PreviewActivity"
53-->[androidx.compose.ui:ui-tooling:1.0.1] AndroidManifest.xml:26:13-71
54            android:exported="true" />
54-->[androidx.compose.ui:ui-tooling:1.0.1] AndroidManifest.xml:27:13-36
55
56        <service
56-->[com.google.firebase:firebase-auth-ktx:21.0.5] AndroidManifest.xml:8:9-14:19
57            android:name="com.google.firebase.components.ComponentDiscoveryService"
57-->[com.google.firebase:firebase-auth-ktx:21.0.5] AndroidManifest.xml:9:13-84
58            android:directBootAware="true"
58-->[com.google.firebase:firebase-common:20.2.0] AndroidManifest.xml:34:13-43
59            android:exported="false" >
59-->[com.google.firebase:firebase-auth-ktx:21.0.5] AndroidManifest.xml:10:13-37
60            <meta-data
60-->[com.google.firebase:firebase-auth-ktx:21.0.5] AndroidManifest.xml:11:13-13:85
61                android:name="com.google.firebase.components:com.google.firebase.auth.ktx.FirebaseAuthKtxRegistrar"
61-->[com.google.firebase:firebase-auth-ktx:21.0.5] AndroidManifest.xml:12:17-116
62                android:value="com.google.firebase.components.ComponentRegistrar" />
62-->[com.google.firebase:firebase-auth-ktx:21.0.5] AndroidManifest.xml:13:17-82
63            <meta-data
63-->[com.google.firebase:firebase-auth:21.1.0] AndroidManifest.xml:67:13-69:85
64                android:name="com.google.firebase.components:com.google.firebase.auth.FirebaseAuthRegistrar"
64-->[com.google.firebase:firebase-auth:21.1.0] AndroidManifest.xml:68:17-109
65                android:value="com.google.firebase.components.ComponentRegistrar" />
65-->[com.google.firebase:firebase-auth:21.1.0] AndroidManifest.xml:69:17-82
66            <meta-data
66-->[com.google.firebase:firebase-firestore-ktx:24.1.2] AndroidManifest.xml:15:13-17:85
67                android:name="com.google.firebase.components:com.google.firebase.firestore.ktx.FirebaseFirestoreKtxRegistrar"
67-->[com.google.firebase:firebase-firestore-ktx:24.1.2] AndroidManifest.xml:16:17-126
68                android:value="com.google.firebase.components.ComponentRegistrar" />
68-->[com.google.firebase:firebase-firestore-ktx:24.1.2] AndroidManifest.xml:17:17-82
69            <meta-data
69-->[com.google.firebase:firebase-firestore:24.1.2] AndroidManifest.xml:20:13-22:85
70                android:name="com.google.firebase.components:com.google.firebase.firestore.FirestoreRegistrar"
70-->[com.google.firebase:firebase-firestore:24.1.2] AndroidManifest.xml:21:17-111
71                android:value="com.google.firebase.components.ComponentRegistrar" />
71-->[com.google.firebase:firebase-firestore:24.1.2] AndroidManifest.xml:22:17-82
72            <meta-data
72-->[com.google.firebase:firebase-common-ktx:20.1.1] AndroidManifest.xml:15:13-17:85
73                android:name="com.google.firebase.components:com.google.firebase.ktx.FirebaseCommonKtxRegistrar"
73-->[com.google.firebase:firebase-common-ktx:20.1.1] AndroidManifest.xml:16:17-113
74                android:value="com.google.firebase.components.ComponentRegistrar" />
74-->[com.google.firebase:firebase-common-ktx:20.1.1] AndroidManifest.xml:17:17-82
75        </service>
76
77        <activity
77-->[com.google.firebase:firebase-auth:21.1.0] AndroidManifest.xml:27:9-44:20
78            android:name="com.google.firebase.auth.internal.GenericIdpActivity"
78-->[com.google.firebase:firebase-auth:21.1.0] AndroidManifest.xml:28:13-80
79            android:excludeFromRecents="true"
79-->[com.google.firebase:firebase-auth:21.1.0] AndroidManifest.xml:29:13-46
80            android:exported="true"
80-->[com.google.firebase:firebase-auth:21.1.0] AndroidManifest.xml:30:13-36
81            android:launchMode="singleTask"
81-->[com.google.firebase:firebase-auth:21.1.0] AndroidManifest.xml:31:13-44
82            android:theme="@android:style/Theme.Translucent.NoTitleBar" >
82-->[com.google.firebase:firebase-auth:21.1.0] AndroidManifest.xml:32:13-72
83            <intent-filter>
83-->[com.google.firebase:firebase-auth:21.1.0] AndroidManifest.xml:33:13-43:29
84                <action android:name="android.intent.action.VIEW" />
84-->[com.google.firebase:firebase-auth:21.1.0] AndroidManifest.xml:34:17-69
84-->[com.google.firebase:firebase-auth:21.1.0] AndroidManifest.xml:34:25-66
85
86                <category android:name="android.intent.category.DEFAULT" />
86-->[com.google.firebase:firebase-auth:21.1.0] AndroidManifest.xml:36:17-76
86-->[com.google.firebase:firebase-auth:21.1.0] AndroidManifest.xml:36:27-73
87                <category android:name="android.intent.category.BROWSABLE" />
87-->[com.google.firebase:firebase-auth:21.1.0] AndroidManifest.xml:37:17-78
87-->[com.google.firebase:firebase-auth:21.1.0] AndroidManifest.xml:37:27-75
88
89                <data
89-->[com.google.firebase:firebase-auth:21.1.0] AndroidManifest.xml:39:17-42:51
90                    android:host="firebase.auth"
90-->[com.google.firebase:firebase-auth:21.1.0] AndroidManifest.xml:40:21-49
91                    android:path="/"
91-->[com.google.firebase:firebase-auth:21.1.0] AndroidManifest.xml:41:21-37
92                    android:scheme="genericidp" />
92-->[com.google.firebase:firebase-auth:21.1.0] AndroidManifest.xml:42:21-48
93            </intent-filter>
94        </activity>
95        <activity
95-->[com.google.firebase:firebase-auth:21.1.0] AndroidManifest.xml:45:9-62:20
96            android:name="com.google.firebase.auth.internal.RecaptchaActivity"
96-->[com.google.firebase:firebase-auth:21.1.0] AndroidManifest.xml:46:13-79
97            android:excludeFromRecents="true"
97-->[com.google.firebase:firebase-auth:21.1.0] AndroidManifest.xml:47:13-46
98            android:exported="true"
98-->[com.google.firebase:firebase-auth:21.1.0] AndroidManifest.xml:48:13-36
99            android:launchMode="singleTask"
99-->[com.google.firebase:firebase-auth:21.1.0] AndroidManifest.xml:49:13-44
100            android:theme="@android:style/Theme.Translucent.NoTitleBar" >
100-->[com.google.firebase:firebase-auth:21.1.0] AndroidManifest.xml:50:13-72
101            <intent-filter>
101-->[com.google.firebase:firebase-auth:21.1.0] AndroidManifest.xml:51:13-61:29
102                <action android:name="android.intent.action.VIEW" />
102-->[com.google.firebase:firebase-auth:21.1.0] AndroidManifest.xml:34:17-69
102-->[com.google.firebase:firebase-auth:21.1.0] AndroidManifest.xml:34:25-66
103
104                <category android:name="android.intent.category.DEFAULT" />
104-->[com.google.firebase:firebase-auth:21.1.0] AndroidManifest.xml:36:17-76
104-->[com.google.firebase:firebase-auth:21.1.0] AndroidManifest.xml:36:27-73
105                <category android:name="android.intent.category.BROWSABLE" />
105-->[com.google.firebase:firebase-auth:21.1.0] AndroidManifest.xml:37:17-78
105-->[com.google.firebase:firebase-auth:21.1.0] AndroidManifest.xml:37:27-75
106
107                <data
107-->[com.google.firebase:firebase-auth:21.1.0] AndroidManifest.xml:39:17-42:51
108                    android:host="firebase.auth"
108-->[com.google.firebase:firebase-auth:21.1.0] AndroidManifest.xml:40:21-49
109                    android:path="/"
109-->[com.google.firebase:firebase-auth:21.1.0] AndroidManifest.xml:41:21-37
110                    android:scheme="recaptcha" />
110-->[com.google.firebase:firebase-auth:21.1.0] AndroidManifest.xml:42:21-48
111            </intent-filter>
112        </activity>
113
114        <provider
114-->[com.google.firebase:firebase-common:20.2.0] AndroidManifest.xml:25:9-30:39
115            android:name="com.google.firebase.provider.FirebaseInitProvider"
115-->[com.google.firebase:firebase-common:20.2.0] AndroidManifest.xml:26:13-77
116            android:authorities="com.example.pregnantpal.firebaseinitprovider"
116-->[com.google.firebase:firebase-common:20.2.0] AndroidManifest.xml:27:13-72
117            android:directBootAware="true"
117-->[com.google.firebase:firebase-common:20.2.0] AndroidManifest.xml:28:13-43
118            android:exported="false"
118-->[com.google.firebase:firebase-common:20.2.0] AndroidManifest.xml:29:13-37
119            android:initOrder="100" />
119-->[com.google.firebase:firebase-common:20.2.0] AndroidManifest.xml:30:13-36
120
121        <activity
121-->[com.google.android.gms:play-services-base:18.0.1] AndroidManifest.xml:20:9-22:45
122            android:name="com.google.android.gms.common.api.GoogleApiActivity"
122-->[com.google.android.gms:play-services-base:18.0.1] AndroidManifest.xml:20:19-85
123            android:exported="false"
123-->[com.google.android.gms:play-services-base:18.0.1] AndroidManifest.xml:22:19-43
124            android:theme="@android:style/Theme.Translucent.NoTitleBar" />
124-->[com.google.android.gms:play-services-base:18.0.1] AndroidManifest.xml:21:19-78
125
126        <meta-data
126-->[com.google.android.gms:play-services-basement:18.1.0] AndroidManifest.xml:21:9-23:69
127            android:name="com.google.android.gms.version"
127-->[com.google.android.gms:play-services-basement:18.1.0] AndroidManifest.xml:22:13-58
128            android:value="@integer/google_play_services_version" />
128-->[com.google.android.gms:play-services-basement:18.1.0] AndroidManifest.xml:23:13-66
129
130        <activity
130-->[androidx.compose.ui:ui-test-manifest:1.0.1] AndroidManifest.xml:25:9-27:39
131            android:name="androidx.activity.ComponentActivity"
131-->[androidx.compose.ui:ui-test-manifest:1.0.1] AndroidManifest.xml:26:13-63
132            android:exported="true" />
132-->[androidx.compose.ui:ui-test-manifest:1.0.1] AndroidManifest.xml:27:13-36
133
134        <uses-library
134-->[androidx.window:window:1.0.0] AndroidManifest.xml:25:9-27:40
135            android:name="androidx.window.extensions"
135-->[androidx.window:window:1.0.0] AndroidManifest.xml:26:13-54
136            android:required="false" />
136-->[androidx.window:window:1.0.0] AndroidManifest.xml:27:13-37
137        <uses-library
137-->[androidx.window:window:1.0.0] AndroidManifest.xml:28:9-30:40
138            android:name="androidx.window.sidecar"
138-->[androidx.window:window:1.0.0] AndroidManifest.xml:29:13-51
139            android:required="false" />
139-->[androidx.window:window:1.0.0] AndroidManifest.xml:30:13-37
140
141        <provider
141-->[androidx.profileinstaller:profileinstaller:1.2.0] AndroidManifest.xml:25:9-33:20
142            android:name="androidx.startup.InitializationProvider"
142-->[androidx.profileinstaller:profileinstaller:1.2.0] AndroidManifest.xml:26:13-67
143            android:authorities="com.example.pregnantpal.androidx-startup"
143-->[androidx.profileinstaller:profileinstaller:1.2.0] AndroidManifest.xml:27:13-68
144            android:exported="false" >
144-->[androidx.profileinstaller:profileinstaller:1.2.0] AndroidManifest.xml:28:13-37
145            <meta-data
145-->[androidx.profileinstaller:profileinstaller:1.2.0] AndroidManifest.xml:30:13-32:52
146                android:name="androidx.profileinstaller.ProfileInstallerInitializer"
146-->[androidx.profileinstaller:profileinstaller:1.2.0] AndroidManifest.xml:31:17-85
147                android:value="androidx.startup" />
147-->[androidx.profileinstaller:profileinstaller:1.2.0] AndroidManifest.xml:32:17-49
148        </provider>
149
150        <receiver
150-->[androidx.profileinstaller:profileinstaller:1.2.0] AndroidManifest.xml:35:9-47:20
151            android:name="androidx.profileinstaller.ProfileInstallReceiver"
151-->[androidx.profileinstaller:profileinstaller:1.2.0] AndroidManifest.xml:36:13-76
152            android:directBootAware="false"
152-->[androidx.profileinstaller:profileinstaller:1.2.0] AndroidManifest.xml:37:13-44
153            android:enabled="true"
153-->[androidx.profileinstaller:profileinstaller:1.2.0] AndroidManifest.xml:38:13-35
154            android:exported="true"
154-->[androidx.profileinstaller:profileinstaller:1.2.0] AndroidManifest.xml:39:13-36
155            android:permission="android.permission.DUMP" >
155-->[androidx.profileinstaller:profileinstaller:1.2.0] AndroidManifest.xml:40:13-57
156            <intent-filter>
156-->[androidx.profileinstaller:profileinstaller:1.2.0] AndroidManifest.xml:41:13-43:29
157                <action android:name="androidx.profileinstaller.action.INSTALL_PROFILE" />
157-->[androidx.profileinstaller:profileinstaller:1.2.0] AndroidManifest.xml:42:17-91
157-->[androidx.profileinstaller:profileinstaller:1.2.0] AndroidManifest.xml:42:25-88
158            </intent-filter>
159            <intent-filter>
159-->[androidx.profileinstaller:profileinstaller:1.2.0] AndroidManifest.xml:44:13-46:29
160                <action android:name="androidx.profileinstaller.action.SKIP_FILE" />
160-->[androidx.profileinstaller:profileinstaller:1.2.0] AndroidManifest.xml:45:17-85
160-->[androidx.profileinstaller:profileinstaller:1.2.0] AndroidManifest.xml:45:25-82
161            </intent-filter>
162        </receiver>
163    </application>
164
165</manifest>